TN:
SF:/home/victor/workplace/api_node/src/app/controller/SessionController.js
FN:1,_interopRequireDefault
FN:7,(anonymous_1)
FN:20,(anonymous_2)
FNF:3
FNH:2
FNDA:4,_interopRequireDefault
FNDA:0,(anonymous_1)
FNDA:1,(anonymous_2)
DA:1,4
DA:2,1
DA:3,1
DA:4,1
DA:8,0
DA:9,0
DA:10,0
DA:11,0
DA:12,0
DA:14,0
DA:21,1
DA:22,1
DA:23,1
DA:24,1
DA:28,0
DA:30,0
DA:31,0
DA:34,0
DA:37,0
DA:38,0
DA:39,0
DA:46,0
DA:48,0
DA:56,1
LF:24
LH:9
BRDA:1,0,0,2
BRDA:1,0,1,2
BRDA:1,1,0,4
BRDA:1,1,1,4
BRDA:9,2,0,0
BRDA:9,2,1,0
BRDA:23,3,0,1
BRDA:23,3,1,0
BRDA:30,4,0,0
BRDA:30,4,1,0
BRF:10
BRH:5
end_of_record
TN:
SF:/home/victor/workplace/api_node/src/app/controller/UserController.js
FN:1,_interopRequireDefault
FN:4,(anonymous_1)
FNF:2
FNH:1
FNDA:1,_interopRequireDefault
FNDA:0,(anonymous_1)
DA:1,1
DA:5,0
DA:6,0
DA:7,0
DA:8,0
DA:9,0
DA:10,0
DA:12,0
DA:13,0
DA:15,0
DA:17,0
DA:19,0
DA:26,1
LF:13
LH:2
BRDA:1,0,0,1
BRDA:1,0,1,0
BRDA:1,1,0,1
BRDA:1,1,1,1
BRDA:8,2,0,0
BRDA:8,2,1,0
BRDA:9,3,0,0
BRDA:9,3,1,0
BRDA:13,4,0,0
BRDA:13,4,1,0
BRDA:13,4,2,0
BRF:11
BRH:3
end_of_record
TN:
SF:/home/victor/workplace/api_node/src/app/middlewares/auth.js
FN:1,_interopRequireDefault
FN:6,(anonymous_1)
FNF:2
FNH:1
FNDA:3,_interopRequireDefault
FNDA:0,(anonymous_1)
DA:1,3
DA:2,1
DA:3,1
DA:4,1
DA:6,1
DA:7,0
DA:8,0
DA:10,0
DA:11,0
DA:13,0
DA:14,0
DA:16,0
DA:17,0
DA:19,0
DA:20,0
DA:21,0
DA:22,0
DA:23,0
DA:25,0
DA:26,0
DA:27,0
DA:29,0
DA:31,0
DA:33,0
DA:35,0
LF:25
LH:5
BRDA:1,0,0,2
BRDA:1,0,1,1
BRDA:1,1,0,3
BRDA:1,1,1,3
BRDA:8,2,0,0
BRDA:8,2,1,0
BRDA:16,3,0,0
BRDA:16,3,1,0
BRDA:17,4,0,0
BRDA:17,4,1,0
BRDA:20,5,0,0
BRDA:20,5,1,0
BRDA:25,6,0,0
BRDA:25,6,1,0
BRDA:27,7,0,0
BRDA:27,7,1,0
BRDA:27,7,2,0
BRDA:27,7,3,0
BRF:18
BRH:4
end_of_record
TN:
SF:/home/victor/workplace/api_node/src/app/models/User.js
FN:1,_interopRequireDefault
FN:23,(anonymous_1)
FNF:2
FNH:2
FNDA:5,_interopRequireDefault
FNDA:2,(anonymous_1)
DA:1,5
DA:2,1
DA:3,1
DA:4,1
DA:6,1
DA:8,1
DA:10,1
DA:11,1
DA:23,1
DA:24,2
DA:27,2
DA:28,2
DA:31,1
LF:13
LH:13
BRDA:1,0,0,1
BRDA:1,0,1,4
BRDA:1,1,0,5
BRDA:1,1,1,5
BRF:4
BRH:4
end_of_record
TN:
SF:/home/victor/workplace/api_node/src/app/validators/SessionSIgnIn.js
FN:1,_interopRequireWildcard
FN:3,(anonymous_1)
FNF:2
FNH:2
FNDA:1,_interopRequireWildcard
FNDA:1,(anonymous_1)
DA:1,1
DA:3,1
DA:4,1
DA:5,1
DA:11,1
DA:12,1
DA:14,0
LF:7
LH:6
BRDA:1,0,0,1
BRDA:1,0,1,0
BRDA:1,1,0,1
BRDA:1,1,1,1
BRDA:1,2,0,0
BRDA:1,2,1,0
BRDA:1,3,0,0
BRDA:1,3,1,0
BRF:8
BRH:3
end_of_record
TN:
SF:/home/victor/workplace/api_node/src/app/validators/SessionSignUp.js
FN:1,_interopRequireWildcard
FN:3,(anonymous_1)
FNF:2
FNH:1
FNDA:1,_interopRequireWildcard
FNDA:0,(anonymous_1)
DA:1,1
DA:3,1
DA:4,0
DA:5,0
DA:24,0
DA:25,0
DA:27,0
LF:7
LH:2
BRDA:1,0,0,1
BRDA:1,0,1,0
BRDA:1,1,0,1
BRDA:1,1,1,1
BRDA:1,2,0,0
BRDA:1,2,1,0
BRDA:1,3,0,0
BRDA:1,3,1,0
BRF:8
BRH:3
end_of_record
