TN:
SF:/home/victor/workplace/api_node/src/app/controller/SessionController.js
FN:1,_interopRequireDefault
FN:7,(anonymous_1)
FN:20,(anonymous_2)
FNF:3
FNH:3
FNDA:20,_interopRequireDefault
FNDA:10,(anonymous_1)
FNDA:3,(anonymous_2)
DA:1,20
DA:2,5
DA:3,5
DA:4,5
DA:8,10
DA:9,10
DA:10,1
DA:11,9
DA:12,9
DA:14,0
DA:21,3
DA:22,3
DA:23,3
DA:24,1
DA:28,2
DA:30,2
DA:31,1
DA:34,1
DA:37,1
DA:38,1
DA:39,1
DA:46,1
DA:48,0
DA:56,5
LF:24
LH:22
BRDA:1,0,0,10
BRDA:1,0,1,10
BRDA:1,1,0,20
BRDA:1,1,1,20
BRDA:9,2,0,1
BRDA:9,2,1,9
BRDA:23,3,0,1
BRDA:23,3,1,2
BRDA:30,4,0,1
BRDA:30,4,1,1
BRF:10
BRH:10
end_of_record
TN:
SF:/home/victor/workplace/api_node/src/app/controller/UserController.js
FN:1,_interopRequireDefault
FN:4,(anonymous_1)
FNF:2
FNH:2
FNDA:5,_interopRequireDefault
FNDA:2,(anonymous_1)
DA:1,5
DA:5,2
DA:6,2
DA:7,2
DA:8,1
DA:9,0
DA:11,2
DA:13,1
DA:15,1
DA:17,0
DA:24,5
LF:11
LH:9
BRDA:1,0,0,5
BRDA:1,0,1,0
BRDA:1,1,0,5
BRDA:1,1,1,5
BRDA:7,2,0,1
BRDA:7,2,1,1
BRDA:8,3,0,1
BRDA:8,3,1,0
BRDA:11,4,0,1
BRDA:11,4,1,1
BRDA:11,4,2,0
BRF:11
BRH:8
end_of_record
TN:
SF:/home/victor/workplace/api_node/src/app/middlewares/auth.js
FN:1,_interopRequireDefault
FN:6,(anonymous_1)
FNF:2
FNH:2
FNDA:15,_interopRequireDefault
FNDA:4,(anonymous_1)
DA:1,15
DA:2,5
DA:3,5
DA:4,5
DA:6,5
DA:7,4
DA:8,4
DA:10,3
DA:11,3
DA:13,3
DA:14,2
DA:16,2
DA:17,2
DA:19,2
DA:20,2
DA:21,0
DA:22,2
DA:23,2
DA:25,2
DA:26,1
DA:27,1
DA:29,1
DA:31,0
DA:33,0
DA:35,0
LF:25
LH:21
BRDA:1,0,0,10
BRDA:1,0,1,5
BRDA:1,1,0,15
BRDA:1,1,1,15
BRDA:8,2,0,1
BRDA:8,2,1,3
BRDA:16,3,0,0
BRDA:16,3,1,2
BRDA:17,4,0,0
BRDA:17,4,1,2
BRDA:20,5,0,0
BRDA:20,5,1,2
BRDA:25,6,0,1
BRDA:25,6,1,1
BRDA:27,7,0,1
BRDA:27,7,1,0
BRDA:27,7,2,0
BRDA:27,7,3,0
BRF:18
BRH:12
end_of_record
TN:
SF:/home/victor/workplace/api_node/src/app/models/User.js
FN:1,_interopRequireDefault
FN:21,(anonymous_1)
FNF:2
FNH:2
FNDA:25,_interopRequireDefault
FNDA:12,(anonymous_1)
DA:1,25
DA:2,5
DA:3,5
DA:4,5
DA:6,5
DA:8,5
DA:9,5
DA:21,5
DA:22,12
DA:23,12
DA:27,12
DA:28,12
DA:31,5
LF:13
LH:13
BRDA:1,0,0,5
BRDA:1,0,1,20
BRDA:1,1,0,25
BRDA:1,1,1,25
BRF:4
BRH:4
end_of_record
TN:
SF:/home/victor/workplace/api_node/src/app/validators/SessionSIgnIn.js
FN:1,_interopRequireWildcard
FN:3,(anonymous_1)
FNF:2
FNH:2
FNDA:5,_interopRequireWildcard
FNDA:4,(anonymous_1)
DA:1,5
DA:3,5
DA:4,4
DA:5,4
DA:11,4
DA:12,3
DA:14,1
LF:7
LH:7
BRDA:1,0,0,5
BRDA:1,0,1,0
BRDA:1,1,0,5
BRDA:1,1,1,5
BRDA:1,2,0,0
BRDA:1,2,1,0
BRDA:1,3,0,0
BRDA:1,3,1,0
BRF:8
BRH:3
end_of_record
TN:
SF:/home/victor/workplace/api_node/src/app/validators/SessionSignUp.js
FN:1,_interopRequireWildcard
FN:3,(anonymous_1)
FNF:2
FNH:2
FNDA:5,_interopRequireWildcard
FNDA:11,(anonymous_1)
DA:1,5
DA:3,5
DA:4,11
DA:5,11
DA:24,11
DA:25,10
DA:27,1
LF:7
LH:7
BRDA:1,0,0,5
BRDA:1,0,1,0
BRDA:1,1,0,5
BRDA:1,1,1,5
BRDA:1,2,0,0
BRDA:1,2,1,0
BRDA:1,3,0,0
BRDA:1,3,1,0
BRF:8
BRH:3
end_of_record
